<?xml version="1.0" encoding="UTF-8"?>
<testsuite xmlns:xsi="http://www.w3.org/2001/XMLSchema-instance" xsi:noNamespaceSchemaLocation="https://maven.apache.org/surefire/maven-surefire-plugin/xsd/surefire-test-report.xsd" version="3.0.2" name="com.upiiz.proyecto_final.ProyectoFinalApplicationTests" time="29.154" tests="1" errors="0" skipped="0" failures="0">
  <properties>
[...]
</properties>
  <testcase name="contextLoads" classname="com.upiiz.proyecto_final.ProyectoFinalApplicationTests" time="1.009">
    <system-out><![CDATA[13:25:30.663 [main] INFO org.springframework.test.context.support.AnnotationConfigContextLoaderUtils -- Could not detect default configuration classes for test class [com.upiiz.proyecto_final.ProyectoFinalApplicationTests]: ProyectoFinalApplicationTests does not declare any static, non-private, non-final, nested classes annotated with @Configuration.
13:25:30.858 [main] INFO org.springframework.boot.test.context.SpringBootTestContextBootstrapper -- Found @SpringBootConfiguration com.upiiz.proyecto_final.ProyectoFinalApplication for test class com.upiiz.proyecto_final.ProyectoFinalApplicationTests
13:25:31.126 [main] INFO org.springframework.boot.devtools.restart.RestartApplicationListener -- Restart disabled due to context in which it is running

  .   ____          _            __ _ _
 /\\ / ___'_ __ _ _(_)_ __  __ _ \ \ \ \
( ( )\___ | '_ | '_| | '_ \/ _` | \ \ \ \
 \\/  ___)| |_)| | | | | || (_| |  ) ) ) )
  '  |____| .__|_| |_|_| |_\__, | / / / /
 =========|_|==============|___/=/_/_/_/

 :: Spring Boot ::                (v3.4.1)

2025-01-10T13:25:31.552-06:00  INFO 10844 --- [proyecto_final] [           main] c.u.p.ProyectoFinalApplicationTests      : Starting ProyectoFinalApplicationTests using Java 21.0.2 with PID 10844 (started by migue in P:\UPIIZ\UPIIZ_7semestre\AplicacionesWeb\proyecto_final)
2025-01-10T13:25:31.554-06:00  INFO 10844 --- [proyecto_final] [           main] c.u.p.ProyectoFinalApplicationTests      : No active profile set, falling back to 1 default profile: "default"
2025-01-10T13:25:33.176-06:00  INFO 10844 --- [proyecto_final] [           main] .s.d.r.c.RepositoryConfigurationDelegate : Bootstrapping Spring Data JPA repositories in DEFAULT mode.
2025-01-10T13:25:33.296-06:00  INFO 10844 --- [proyecto_final] [           main] .s.d.r.c.RepositoryConfigurationDelegate : Finished Spring Data repository scanning in 104 ms. Found 2 JPA repository interfaces.
2025-01-10T13:25:34.221-06:00  INFO 10844 --- [proyecto_final] [           main] o.hibernate.jpa.internal.util.LogHelper  : HHH000204: Processing PersistenceUnitInfo [name: default]
2025-01-10T13:25:34.319-06:00  INFO 10844 --- [proyecto_final] [           main] org.hibernate.Version                    : HHH000412: Hibernate ORM core version 6.6.4.Final
2025-01-10T13:25:34.375-06:00  INFO 10844 --- [proyecto_final] [           main] o.h.c.internal.RegionFactoryInitiator    : HHH000026: Second-level cache disabled
2025-01-10T13:25:34.870-06:00  INFO 10844 --- [proyecto_final] [           main] o.s.o.j.p.SpringPersistenceUnitInfo      : No LoadTimeWeaver setup: ignoring JPA class transformer
2025-01-10T13:25:34.921-06:00  INFO 10844 --- [proyecto_final] [           main] com.zaxxer.hikari.HikariDataSource       : HikariPool-1 - Starting...
2025-01-10T13:25:37.440-06:00  INFO 10844 --- [proyecto_final] [           main] com.zaxxer.hikari.pool.HikariPool        : HikariPool-1 - Added connection com.mysql.cj.jdbc.ConnectionImpl@4bbc02ef
2025-01-10T13:25:37.444-06:00  INFO 10844 --- [proyecto_final] [           main] com.zaxxer.hikari.HikariDataSource       : HikariPool-1 - Start completed.
2025-01-10T13:25:37.722-06:00  WARN 10844 --- [proyecto_final] [           main] org.hibernate.orm.deprecation            : HHH90000025: MySQL8Dialect does not need to be specified explicitly using 'hibernate.dialect' (remove the property setting and it will be selected by default)
2025-01-10T13:25:37.724-06:00  WARN 10844 --- [proyecto_final] [           main] org.hibernate.orm.deprecation            : HHH90000026: MySQL8Dialect has been deprecated; use org.hibernate.dialect.MySQLDialect instead
2025-01-10T13:25:37.755-06:00  INFO 10844 --- [proyecto_final] [           main] org.hibernate.orm.connections.pooling    : HHH10001005: Database info:
	Database JDBC URL [Connecting through datasource 'HikariDataSource (HikariPool-1)']
	Database driver: undefined/unknown
	Database version: 8.0
	Autocommit mode: undefined/unknown
	Isolation level: undefined/unknown
	Minimum pool size: undefined/unknown
	Maximum pool size: undefined/unknown
2025-01-10T13:25:39.493-06:00  INFO 10844 --- [proyecto_final] [           main] o.h.e.t.j.p.i.JtaPlatformInitiator       : HHH000489: No JTA platform available (set 'hibernate.transaction.jta.platform' to enable JTA platform integration)
Hibernate: alter table role_permissions drop foreign key FKegdk29eiy7mdtefy5c7eirr6e
Hibernate: alter table role_permissions drop foreign key FKn5fotdgk8d1xvo8nav9uv3muc
Hibernate: alter table user_roles drop foreign key FKh8ciramu9cc9q3qcqiv4ue8a6
Hibernate: alter table user_roles drop foreign key FKhfh9dx7w3ubf1co1vdev94g3f
Hibernate: drop table if exists permissions
Hibernate: drop table if exists returns
Hibernate: drop table if exists role_permissions
Hibernate: drop table if exists roles
Hibernate: drop table if exists user_roles
Hibernate: drop table if exists users
Hibernate: create table permissions (id bigint not null auto_increment, name varchar(255) not null, primary key (id)) engine=InnoDB
Hibernate: create table returns (return_date date, id bigint not null auto_increment, order_id bigint, product_id bigint, reason varchar(255), user varchar(255), primary key (id)) engine=InnoDB
Hibernate: create table role_permissions (permission_id bigint not null, role_id bigint not null, primary key (permission_id, role_id)) engine=InnoDB
Hibernate: create table roles (id bigint not null auto_increment, role_name enum ('ADMIN','DEVELOPER','INVITED','USER'), primary key (id)) engine=InnoDB
Hibernate: create table user_roles (role_id bigint not null, user_id bigint not null, primary key (role_id, user_id)) engine=InnoDB
Hibernate: create table users (account_no_expired bit, account_no_locked bit, credential_no_expired bit, is_enabled bit, id bigint not null auto_increment, password varchar(255), username varchar(255), primary key (id)) engine=InnoDB
Hibernate: alter table permissions add constraint UKpnvtwliis6p05pn6i3ndjrqt2 unique (name)
Hibernate: alter table users add constraint UKr43af9ap4edm43mmtq01oddj6 unique (username)
Hibernate: alter table role_permissions add constraint FKegdk29eiy7mdtefy5c7eirr6e foreign key (permission_id) references permissions (id)
Hibernate: alter table role_permissions add constraint FKn5fotdgk8d1xvo8nav9uv3muc foreign key (role_id) references roles (id)
Hibernate: alter table user_roles add constraint FKh8ciramu9cc9q3qcqiv4ue8a6 foreign key (role_id) references roles (id)
Hibernate: alter table user_roles add constraint FKhfh9dx7w3ubf1co1vdev94g3f foreign key (user_id) references users (id)
2025-01-10T13:25:48.297-06:00  INFO 10844 --- [proyecto_final] [           main] j.LocalContainerEntityManagerFactoryBean : Initialized JPA EntityManagerFactory for persistence unit 'default'
2025-01-10T13:25:49.562-06:00  WARN 10844 --- [proyecto_final] [           main] JpaBaseConfiguration$JpaWebConfiguration : spring.jpa.open-in-view is enabled by default. Therefore, database queries may be performed during view rendering. Explicitly configure spring.jpa.open-in-view to disable this warning
2025-01-10T13:25:49.825-06:00  INFO 10844 --- [proyecto_final] [           main] eAuthenticationProviderManagerConfigurer : Global AuthenticationManager configured with AuthenticationProvider bean with name authenticationProvider
2025-01-10T13:25:49.826-06:00  WARN 10844 --- [proyecto_final] [           main] r$InitializeUserDetailsManagerConfigurer : Global AuthenticationManager configured with an AuthenticationProvider bean. UserDetailsService beans will not be used by Spring Security for automatically configuring username/password login. Consider removing the AuthenticationProvider bean. Alternatively, consider using the UserDetailsService in a manually instantiated DaoAuthenticationProvider. If the current configuration is intentional, to turn off this warning, increase the logging level of 'org.springframework.security.config.annotation.authentication.configuration.InitializeUserDetailsBeanManagerConfigurer' to ERROR
2025-01-10T13:25:51.626-06:00  INFO 10844 --- [proyecto_final] [           main] c.u.p.ProyectoFinalApplicationTests      : Started ProyectoFinalApplicationTests in 20.519 seconds (process running for 22.243)
Hibernate: insert into users (account_no_expired,account_no_locked,credential_no_expired,is_enabled,password,username) values (?,?,?,?,?,?)
Hibernate: insert into roles (role_name) values (?)
Hibernate: insert into permissions (name) values (?)
Hibernate: insert into permissions (name) values (?)
Hibernate: insert into permissions (name) values (?)
Hibernate: insert into permissions (name) values (?)
Hibernate: insert into users (account_no_expired,account_no_locked,credential_no_expired,is_enabled,password,username) values (?,?,?,?,?,?)
Hibernate: insert into roles (role_name) values (?)
Hibernate: insert into users (account_no_expired,account_no_locked,credential_no_expired,is_enabled,password,username) values (?,?,?,?,?,?)
Hibernate: insert into roles (role_name) values (?)
Hibernate: insert into users (account_no_expired,account_no_locked,credential_no_expired,is_enabled,password,username) values (?,?,?,?,?,?)
Hibernate: insert into roles (role_name) values (?)
Hibernate: insert into permissions (name) values (?)
Hibernate: insert into user_roles (user_id,role_id) values (?,?)
Hibernate: insert into role_permissions (role_id,permission_id) values (?,?)
Hibernate: insert into role_permissions (role_id,permission_id) values (?,?)
Hibernate: insert into role_permissions (role_id,permission_id) values (?,?)
Hibernate: insert into role_permissions (role_id,permission_id) values (?,?)
Hibernate: insert into user_roles (user_id,role_id) values (?,?)
Hibernate: insert into role_permissions (role_id,permission_id) values (?,?)
Hibernate: insert into role_permissions (role_id,permission_id) values (?,?)
Hibernate: insert into user_roles (user_id,role_id) values (?,?)
Hibernate: insert into role_permissions (role_id,permission_id) values (?,?)
Hibernate: insert into user_roles (user_id,role_id) values (?,?)
Hibernate: insert into role_permissions (role_id,permission_id) values (?,?)
Hibernate: insert into role_permissions (role_id,permission_id) values (?,?)
Hibernate: insert into role_permissions (role_id,permission_id) values (?,?)
Hibernate: insert into role_permissions (role_id,permission_id) values (?,?)
Hibernate: insert into role_permissions (role_id,permission_id) values (?,?)
]]></system-out>
    <system-err><![CDATA[Mockito is currently self-attaching to enable the inline-mock-maker. This will no longer work in future releases of the JDK. Please add Mockito as an agent to your build what is described in Mockito's documentation: https://javadoc.io/doc/org.mockito/mockito-core/latest/org/mockito/Mockito.html#0.3
WARNING: A Java agent has been loaded dynamically (C:\Users\migue\.m2\repository\net\bytebuddy\byte-buddy-agent\1.15.11\byte-buddy-agent-1.15.11.jar)
WARNING: If a serviceability tool is in use, please run with -XX:+EnableDynamicAgentLoading to hide this warning
WARNING: If a serviceability tool is not in use, please run with -Djdk.instrument.traceUsage for more information
WARNING: Dynamic loading of agents will be disallowed by default in a future release
]]></system-err>
  </testcase>
</testsuite>